CRITICAL - 2023-12-08 05:04:58 --> Undefined variable $ths
in APPPATH\Views\login\vw_login.php on line 1.
 1 APPPATH\Views\login\vw_login.php(1): CodeIgniter\Debug\Exceptions->errorHandler(2, 'Undefined variable $ths', 'C:\\laragon\\www\\project-wp2\\app\\Views\\login\\vw_login.php', 1)
 2 SYSTEMPATH\View\View.php(228): include('C:\\laragon\\www\\project-wp2\\app\\Views\\login\\vw_login.php')
 3 SYSTEMPATH\View\View.php(231): CodeIgniter\View\View->CodeIgniter\View\{closure}()
 4 SYSTEMPATH\Common.php(1190): CodeIgniter\View\View->render('login/vw_login', [], true)
 5 APPPATH\Controllers\Login.php(16): view('login/vw_login', [...])
 6 SYSTEMPATH\CodeIgniter.php(942): App\Controllers\Login->index()
 7 SYSTEMPATH\CodeIgniter.php(502): CodeIgniter\CodeIgniter->runController(Object(App\Controllers\Login))
 8 SYSTEMPATH\CodeIgniter.php(361): CodeIgniter\CodeIgniter->handleRequest(null, Object(Config\Cache), false)
 9 FCPATH\index.php(79): CodeIgniter\CodeIgniter->run()
10 SYSTEMPATH\Commands\Server\rewrite.php(47): require_once('C:\\laragon\\www\\project-wp2\\public\\index.php')
CRITICAL - 2023-12-08 05:06:11 --> Invalid file: "template/footer.php"
in SYSTEMPATH\Exceptions\FrameworkException.php on line 39.
 1 SYSTEMPATH\View\View.php(216): CodeIgniter\Exceptions\FrameworkException::forInvalidFile('template/footer.php')
 2 SYSTEMPATH\View\View.php(469): CodeIgniter\View\View->render('template/footer', null, true)
 3 APPPATH\Views\template\main.php(59): CodeIgniter\View\View->include('template/footer')
 4 SYSTEMPATH\View\View.php(228): include('C:\\laragon\\www\\project-wp2\\app\\Views\\template\\main.php')
 5 SYSTEMPATH\View\View.php(231): CodeIgniter\View\View->CodeIgniter\View\{closure}()
 6 SYSTEMPATH\View\View.php(244): CodeIgniter\View\View->render('template/main', [], true)
 7 SYSTEMPATH\Common.php(1190): CodeIgniter\View\View->render('dashboard/index', [], true)
 8 APPPATH\Controllers\Dashboard.php(14): view('dashboard/index', [...])
 9 SYSTEMPATH\CodeIgniter.php(942): App\Controllers\Dashboard->index()
10 SYSTEMPATH\CodeIgniter.php(502): CodeIgniter\CodeIgniter->runController(Object(App\Controllers\Dashboard))
11 SYSTEMPATH\CodeIgniter.php(361): CodeIgniter\CodeIgniter->handleRequest(null, Object(Config\Cache), false)
12 FCPATH\index.php(79): CodeIgniter\CodeIgniter->run()
13 SYSTEMPATH\Commands\Server\rewrite.php(47): require_once('C:\\laragon\\www\\project-wp2\\public\\index.php')
